2019-08-29 09:49:11.059  INFO 4460 --- [main] com.GatewayApplication                   : The following profiles are active: def
2019-08-29 09:49:13.108  INFO 4460 --- [main] o.s.cloud.context.scope.GenericScope     : BeanFactory id=8cf62fe2-084a-34a8-9270-6938910ff5cb
2019-08-29 09:49:13.161  INFO 4460 --- [main] trationDelegate$BeanPostProcessorChecker : Bean 'org.springframework.cloud.autoconfigure.ConfigurationPropertiesRebinderAutoConfiguration' of type [org.springframework.cloud.autoconfigure.ConfigurationPropertiesRebinderAutoConfiguration$$EnhancerBySpringCGLIB$$486af6d] is not eligible for getting processed by all BeanPostProcessors (for example: not eligible for auto-proxying)
2019-08-29 09:49:13.254  WARN 4460 --- [main] c.n.c.sources.URLConfigurationSource     : No URLs will be polled as dynamic configuration sources.
2019-08-29 09:49:13.255  INFO 4460 --- [main] c.n.c.sources.URLConfigurationSource     : To enable URLs as dynamic configuration sources, define System property archaius.configurationSource.additionalUrls or make config.properties available on classpath.
2019-08-29 09:49:13.258  WARN 4460 --- [main] c.n.c.sources.URLConfigurationSource     : No URLs will be polled as dynamic configuration sources.
2019-08-29 09:49:13.258  INFO 4460 --- [main] c.n.c.sources.URLConfigurationSource     : To enable URLs as dynamic configuration sources, define System property archaius.configurationSource.additionalUrls or make config.properties available on classpath.
2019-08-29 09:49:13.997  INFO 4460 --- [main] o.s.c.g.r.RouteDefinitionRouteLocator    : Loaded RoutePredicateFactory [After]
2019-08-29 09:49:13.998  INFO 4460 --- [main] o.s.c.g.r.RouteDefinitionRouteLocator    : Loaded RoutePredicateFactory [Before]
2019-08-29 09:49:13.998  INFO 4460 --- [main] o.s.c.g.r.RouteDefinitionRouteLocator    : Loaded RoutePredicateFactory [Between]
2019-08-29 09:49:13.998  INFO 4460 --- [main] o.s.c.g.r.RouteDefinitionRouteLocator    : Loaded RoutePredicateFactory [Cookie]
2019-08-29 09:49:13.998  INFO 4460 --- [main] o.s.c.g.r.RouteDefinitionRouteLocator    : Loaded RoutePredicateFactory [Header]
2019-08-29 09:49:13.998  INFO 4460 --- [main] o.s.c.g.r.RouteDefinitionRouteLocator    : Loaded RoutePredicateFactory [Host]
2019-08-29 09:49:13.998  INFO 4460 --- [main] o.s.c.g.r.RouteDefinitionRouteLocator    : Loaded RoutePredicateFactory [Method]
2019-08-29 09:49:13.998  INFO 4460 --- [main] o.s.c.g.r.RouteDefinitionRouteLocator    : Loaded RoutePredicateFactory [Path]
2019-08-29 09:49:13.998  INFO 4460 --- [main] o.s.c.g.r.RouteDefinitionRouteLocator    : Loaded RoutePredicateFactory [Query]
2019-08-29 09:49:13.998  INFO 4460 --- [main] o.s.c.g.r.RouteDefinitionRouteLocator    : Loaded RoutePredicateFactory [ReadBodyPredicateFactory]
2019-08-29 09:49:13.998  INFO 4460 --- [main] o.s.c.g.r.RouteDefinitionRouteLocator    : Loaded RoutePredicateFactory [RemoteAddr]
2019-08-29 09:49:13.998  INFO 4460 --- [main] o.s.c.g.r.RouteDefinitionRouteLocator    : Loaded RoutePredicateFactory [Weight]
2019-08-29 09:49:13.998  INFO 4460 --- [main] o.s.c.g.r.RouteDefinitionRouteLocator    : Loaded RoutePredicateFactory [CloudFoundryRouteService]
2019-08-29 09:49:14.281  INFO 4460 --- [main] o.s.b.a.e.web.EndpointLinksResolver      : Exposing 2 endpoint(s) beneath base path '/actuator'
2019-08-29 09:49:14.846  INFO 4460 --- [main] o.s.b.web.embedded.netty.NettyWebServer  : Netty started on port(s): 8083
2019-08-29 09:49:14.849  INFO 4460 --- [main] com.GatewayApplication                   : Started GatewayApplication in 4.786 seconds (JVM running for 5.599)
2019-08-29 09:49:33.338  INFO 4460 --- [RMI TCP Connection(7)-127.0.0.1] inMXBeanRegistrar$SpringApplicationAdmin : Application shutdown requested.
